<?xml version="1.0" encoding="UTF-8"?>
<testng-results skipped="0" failed="0" ignored="0" total="1" passed="1">
  <reporter-output>
  </reporter-output>
  <suite name="Default suite" duration-ms="145" started-at="2020-02-18T16:45:58 CET" finished-at="2020-02-18T16:45:58 CET">
    <groups>
    </groups>
    <test name="Default test" duration-ms="145" started-at="2020-02-18T16:45:58 CET" finished-at="2020-02-18T16:45:58 CET">
      <class name="testNGpackage.TestNgAnnotations">
        <test-method status="PASS" signature="launchBrowser()[pri:0, instance:testNGpackage.TestNgAnnotations@f6e03b8a]" name="launchBrowser" is-config="true" duration-ms="29" started-at="2020-02-18T16:45:58 CET" finished-at="2020-02-18T16:45:58 CET">
          <reporter-output>
          </reporter-output>
        </test-method> <!-- launchBrowser -->
        <test-method status="PASS" signature="TestCase()[pri:0, instance:testNGpackage.TestNgAnnotations@f6e03b8a]" name="TestCase" duration-ms="13" started-at="2020-02-18T16:45:58 CET" finished-at="2020-02-18T16:45:58 CET">
          <reporter-output>
          </reporter-output>
        </test-method> <!-- TestCase -->
        <test-method status="PASS" signature="tearDown()[pri:0, instance:testNGpackage.TestNgAnnotations@f6e03b8a]" name="tearDown" is-config="true" duration-ms="1" started-at="2020-02-18T16:45:58 CET" finished-at="2020-02-18T16:45:58 CET">
          <reporter-output>
          </reporter-output>
        </test-method> <!-- tearDown -->
      </class> <!-- testNGpackage.TestNgAnnotations -->
    </test> <!-- Default test -->
  </suite> <!-- Default suite -->
</testng-results>
